{"/Users/chris/enterprise/codevideo-frontend/src/codeToVideo.ts": {"path":"/Users/chris/enterprise/codevideo-frontend/src/codeToVideo.ts","statementMap":{"0":{"start":{"line":6,"column":27},"end":{"line":25,"column":1}},"1":{"start":{"line":18,"column":2},"end":{"line":24,"column":3}},"2":{"start":{"line":19,"column":4},"end":{"line":19,"column":63}},"3":{"start":{"line":20,"column":21},"end":{"line":20,"column":94}},"4":{"start":{"line":21,"column":4},"end":{"line":21,"column":37}},"5":{"start":{"line":23,"column":4},"end":{"line":23,"column":51}}},"fnMap":{"0":{"name":"(anonymous_0)","decl":{"start":{"line":6,"column":27},"end":{"line":6,"column":28}},"loc":{"start":{"line":17,"column":57},"end":{"line":25,"column":1}},"line":17}},"branchMap":{},"s":{"0":1,"1":1,"2":1,"3":1,"4":0,"5":1},"f":{"0":1},"b":{},"_coverageSchema":"1a1c01bbd47fc00a2c39e90264f33305004495a9","hash":"268189e4352941ff7c89c3ff281473262634673d"}
,"/Users/chris/enterprise/codevideo-frontend/src/canvas/animateCanvas.ts": {"path":"/Users/chris/enterprise/codevideo-frontend/src/canvas/animateCanvas.ts","statementMap":{"0":{"start":{"line":8,"column":29},"end":{"line":112,"column":1}},"1":{"start":{"line":15,"column":2},"end":{"line":17,"column":3}},"2":{"start":{"line":16,"column":4},"end":{"line":16,"column":17}},"3":{"start":{"line":18,"column":14},"end":{"line":18,"column":37}},"4":{"start":{"line":19,"column":2},"end":{"line":21,"column":3}},"5":{"start":{"line":20,"column":4},"end":{"line":20,"column":17}},"6":{"start":{"line":22,"column":2},"end":{"line":24,"column":3}},"7":{"start":{"line":23,"column":4},"end":{"line":23,"column":17}},"8":{"start":{"line":27,"column":25},"end":{"line":27,"column":28}},"9":{"start":{"line":28,"column":25},"end":{"line":28,"column":28}},"10":{"start":{"line":29,"column":19},"end":{"line":29,"column":21}},"11":{"start":{"line":30,"column":26},"end":{"line":30,"column":40}},"12":{"start":{"line":31,"column":21},"end":{"line":31,"column":35}},"13":{"start":{"line":32,"column":2},"end":{"line":32,"column":44}},"14":{"start":{"line":34,"column":20},"end":{"line":34,"column":36}},"15":{"start":{"line":36,"column":27},"end":{"line":46,"column":3}},"16":{"start":{"line":37,"column":4},"end":{"line":45,"column":12}},"17":{"start":{"line":38,"column":6},"end":{"line":43,"column":8}},"18":{"start":{"line":44,"column":6},"end":{"line":44,"column":14}},"19":{"start":{"line":47,"column":2},"end":{"line":47,"column":25}},"20":{"start":{"line":49,"column":17},"end":{"line":49,"column":71}},"21":{"start":{"line":52,"column":2},"end":{"line":52,"column":19}},"22":{"start":{"line":56,"column":2},"end":{"line":107,"column":3}},"23":{"start":{"line":56,"column":23},"end":{"line":56,"column":24}},"24":{"start":{"line":57,"column":24},"end":{"line":57,"column":26}},"25":{"start":{"line":60,"column":27},"end":{"line":60,"column":47}},"26":{"start":{"line":61,"column":4},"end":{"line":105,"column":5}},"27":{"start":{"line":62,"column":27},"end":{"line":62,"column":28}},"28":{"start":{"line":66,"column":6},"end":{"line":66,"column":52}},"29":{"start":{"line":68,"column":25},"end":{"line":74,"column":7}},"30":{"start":{"line":78,"column":6},"end":{"line":80,"column":7}},"31":{"start":{"line":79,"column":8},"end":{"line":79,"column":46}},"32":{"start":{"line":82,"column":6},"end":{"line":86,"column":8}},"33":{"start":{"line":89,"column":6},"end":{"line":95,"column":8}},"34":{"start":{"line":97,"column":6},"end":{"line":102,"column":9}},"35":{"start":{"line":104,"column":6},"end":{"line":104,"column":31}},"36":{"start":{"line":106,"column":4},"end":{"line":106,"column":29}},"37":{"start":{"line":110,"column":2},"end":{"line":110,"column":33}},"38":{"start":{"line":111,"column":2},"end":{"line":111,"column":14}}},"fnMap":{"0":{"name":"(anonymous_0)","decl":{"start":{"line":8,"column":29},"end":{"line":8,"column":30}},"loc":{"start":{"line":13,"column":23},"end":{"line":112,"column":1}},"line":13},"1":{"name":"(anonymous_1)","decl":{"start":{"line":36,"column":39},"end":{"line":36,"column":40}},"loc":{"start":{"line":37,"column":4},"end":{"line":45,"column":12}},"line":37},"2":{"name":"(anonymous_2)","decl":{"start":{"line":37,"column":15},"end":{"line":37,"column":16}},"loc":{"start":{"line":37,"column":21},"end":{"line":45,"column":5}},"line":37}},"branchMap":{"0":{"loc":{"start":{"line":15,"column":2},"end":{"line":17,"column":3}},"type":"if","locations":[{"start":{"line":15,"column":2},"end":{"line":17,"column":3}},{"start":{},"end":{}}],"line":15},"1":{"loc":{"start":{"line":19,"column":2},"end":{"line":21,"column":3}},"type":"if","locations":[{"start":{"line":19,"column":2},"end":{"line":21,"column":3}},{"start":{},"end":{}}],"line":19},"2":{"loc":{"start":{"line":22,"column":2},"end":{"line":24,"column":3}},"type":"if","locations":[{"start":{"line":22,"column":2},"end":{"line":24,"column":3}},{"start":{},"end":{}}],"line":22},"3":{"loc":{"start":{"line":78,"column":6},"end":{"line":80,"column":7}},"type":"if","locations":[{"start":{"line":78,"column":6},"end":{"line":80,"column":7}},{"start":{},"end":{}}],"line":78}},"s":{"0":1,"1":1,"2":0,"3":1,"4":1,"5":1,"6":0,"7":0,"8":0,"9":0,"10":0,"11":0,"12":0,"13":0,"14":0,"15":0,"16":0,"17":0,"18":0,"19":0,"20":0,"21":0,"22":0,"23":0,"24":0,"25":0,"26":0,"27":0,"28":0,"29":0,"30":0,"31":0,"32":0,"33":0,"34":0,"35":0,"36":0,"37":0,"38":0},"f":{"0":1,"1":0,"2":0},"b":{"0":[0,1],"1":[1,0],"2":[0,0],"3":[0,0]},"_coverageSchema":"1a1c01bbd47fc00a2c39e90264f33305004495a9","hash":"75473d0055e47bd734733b6561943410bfef3c5c"}
,"/Users/chris/enterprise/codevideo-frontend/src/canvas/colorCodeCharacter.ts": {"path":"/Users/chris/enterprise/codevideo-frontend/src/canvas/colorCodeCharacter.ts","statementMap":{"0":{"start":{"line":4,"column":34},"end":{"line":64,"column":1}},"1":{"start":{"line":13,"column":2},"end":{"line":28,"column":3}},"2":{"start":{"line":24,"column":4},"end":{"line":27,"column":6}},"3":{"start":{"line":31,"column":21},"end":{"line":31,"column":38}},"4":{"start":{"line":34,"column":16},"end":{"line":34,"column":74}},"5":{"start":{"line":34,"column":43},"end":{"line":34,"column":73}},"6":{"start":{"line":37,"column":2},"end":{"line":41,"column":3}},"7":{"start":{"line":38,"column":4},"end":{"line":40,"column":6}},"8":{"start":{"line":49,"column":4},"end":{"line":49,"column":70}},"9":{"start":{"line":52,"column":21},"end":{"line":54,"column":27}},"10":{"start":{"line":53,"column":14},"end":{"line":53,"column":38}},"11":{"start":{"line":55,"column":21},"end":{"line":57,"column":15}},"12":{"start":{"line":56,"column":14},"end":{"line":56,"column":38}},"13":{"start":{"line":59,"column":2},"end":{"line":63,"column":4}}},"fnMap":{"0":{"name":"(anonymous_0)","decl":{"start":{"line":4,"column":34},"end":{"line":4,"column":35}},"loc":{"start":{"line":10,"column":36},"end":{"line":64,"column":1}},"line":10},"1":{"name":"(anonymous_1)","decl":{"start":{"line":34,"column":32},"end":{"line":34,"column":33}},"loc":{"start":{"line":34,"column":43},"end":{"line":34,"column":73}},"line":34},"2":{"name":"(anonymous_2)","decl":{"start":{"line":53,"column":4},"end":{"line":53,"column":5}},"loc":{"start":{"line":53,"column":14},"end":{"line":53,"column":38}},"line":53},"3":{"name":"(anonymous_3)","decl":{"start":{"line":56,"column":4},"end":{"line":56,"column":5}},"loc":{"start":{"line":56,"column":14},"end":{"line":56,"column":38}},"line":56}},"branchMap":{"0":{"loc":{"start":{"line":13,"column":2},"end":{"line":28,"column":3}},"type":"if","locations":[{"start":{"line":13,"column":2},"end":{"line":28,"column":3}},{"start":{},"end":{}}],"line":13},"1":{"loc":{"start":{"line":14,"column":4},"end":{"line":22,"column":21}},"type":"binary-expr","locations":[{"start":{"line":14,"column":4},"end":{"line":14,"column":21}},{"start":{"line":15,"column":4},"end":{"line":15,"column":21}},{"start":{"line":16,"column":4},"end":{"line":16,"column":21}},{"start":{"line":17,"column":4},"end":{"line":17,"column":21}},{"start":{"line":18,"column":4},"end":{"line":18,"column":21}},{"start":{"line":19,"column":4},"end":{"line":19,"column":21}},{"start":{"line":20,"column":4},"end":{"line":20,"column":21}},{"start":{"line":21,"column":4},"end":{"line":21,"column":21}},{"start":{"line":22,"column":4},"end":{"line":22,"column":21}}],"line":14},"2":{"loc":{"start":{"line":37,"column":2},"end":{"line":41,"column":3}},"type":"if","locations":[{"start":{"line":37,"column":2},"end":{"line":41,"column":3}},{"start":{},"end":{}}],"line":37},"3":{"loc":{"start":{"line":49,"column":4},"end":{"line":49,"column":70}},"type":"binary-expr","locations":[{"start":{"line":49,"column":4},"end":{"line":49,"column":56}},{"start":{"line":49,"column":60},"end":{"line":49,"column":70}}],"line":49},"4":{"loc":{"start":{"line":52,"column":21},"end":{"line":54,"column":27}},"type":"cond-expr","locations":[{"start":{"line":52,"column":50},"end":{"line":52,"column":58}},{"start":{"line":52,"column":61},"end":{"line":54,"column":27}}],"line":52},"5":{"loc":{"start":{"line":52,"column":61},"end":{"line":54,"column":27}},"type":"binary-expr","locations":[{"start":{"line":52,"column":61},"end":{"line":54,"column":15}},{"start":{"line":54,"column":19},"end":{"line":54,"column":27}}],"line":52}},"s":{"0":1,"1":0,"2":0,"3":0,"4":0,"5":0,"6":0,"7":0,"8":0,"9":0,"10":0,"11":0,"12":0,"13":0},"f":{"0":0,"1":0,"2":0,"3":0},"b":{"0":[0,0],"1":[0,0,0,0,0,0,0,0,0],"2":[0,0],"3":[0,0],"4":[0,0],"5":[0,0]},"_coverageSchema":"1a1c01bbd47fc00a2c39e90264f33305004495a9","hash":"bcf3958257b950e87865a4a74884bf13c559a3bf"}
,"/Users/chris/enterprise/codevideo-frontend/src/canvas/prepareCanvas.ts": {"path":"/Users/chris/enterprise/codevideo-frontend/src/canvas/prepareCanvas.ts","statementMap":{"0":{"start":{"line":4,"column":29},"end":{"line":54,"column":1}},"1":{"start":{"line":10,"column":16},"end":{"line":10,"column":39}},"2":{"start":{"line":11,"column":4},"end":{"line":53,"column":5}},"3":{"start":{"line":13,"column":8},"end":{"line":13,"column":29}},"4":{"start":{"line":14,"column":8},"end":{"line":14,"column":31}},"5":{"start":{"line":17,"column":8},"end":{"line":17,"column":57}},"6":{"start":{"line":20,"column":25},"end":{"line":20,"column":84}},"7":{"start":{"line":22,"column":8},"end":{"line":24,"column":11}},"8":{"start":{"line":23,"column":12},"end":{"line":23,"column":48}},"9":{"start":{"line":25,"column":8},"end":{"line":25,"column":44}},"10":{"start":{"line":26,"column":8},"end":{"line":26,"column":44}},"11":{"start":{"line":27,"column":8},"end":{"line":27,"column":33}},"12":{"start":{"line":28,"column":8},"end":{"line":28,"column":56}},"13":{"start":{"line":32,"column":30},"end":{"line":32,"column":33}},"14":{"start":{"line":33,"column":22},"end":{"line":33,"column":35}},"15":{"start":{"line":34,"column":22},"end":{"line":34,"column":35}},"16":{"start":{"line":35,"column":26},"end":{"line":35,"column":60}},"17":{"start":{"line":36,"column":27},"end":{"line":36,"column":62}},"18":{"start":{"line":37,"column":27},"end":{"line":37,"column":29}},"19":{"start":{"line":38,"column":8},"end":{"line":38,"column":34}},"20":{"start":{"line":39,"column":8},"end":{"line":39,"column":71}},"21":{"start":{"line":40,"column":8},"end":{"line":40,"column":19}},"22":{"start":{"line":42,"column":36},"end":{"line":42,"column":38}},"23":{"start":{"line":46,"column":8},"end":{"line":46,"column":112}},"24":{"start":{"line":49,"column":8},"end":{"line":49,"column":114}},"25":{"start":{"line":52,"column":8},"end":{"line":52,"column":114}}},"fnMap":{"0":{"name":"(anonymous_0)","decl":{"start":{"line":4,"column":29},"end":{"line":4,"column":30}},"loc":{"start":{"line":9,"column":5},"end":{"line":54,"column":1}},"line":9},"1":{"name":"(anonymous_1)","decl":{"start":{"line":22,"column":31},"end":{"line":22,"column":32}},"loc":{"start":{"line":22,"column":49},"end":{"line":24,"column":9}},"line":22}},"branchMap":{"0":{"loc":{"start":{"line":11,"column":4},"end":{"line":53,"column":5}},"type":"if","locations":[{"start":{"line":11,"column":4},"end":{"line":53,"column":5}},{"start":{},"end":{}}],"line":11}},"s":{"0":1,"1":1,"2":1,"3":0,"4":0,"5":0,"6":0,"7":0,"8":0,"9":0,"10":0,"11":0,"12":0,"13":0,"14":0,"15":0,"16":0,"17":0,"18":0,"19":0,"20":0,"21":0,"22":0,"23":0,"24":0,"25":0},"f":{"0":1,"1":0},"b":{"0":[0,1]},"_coverageSchema":"1a1c01bbd47fc00a2c39e90264f33305004495a9","hash":"c6a93731b3b3e1d5f891bc73a625d009f0a59643"}
,"/Users/chris/enterprise/codevideo-frontend/src/canvas/recordCanvas.ts": {"path":"/Users/chris/enterprise/codevideo-frontend/src/canvas/recordCanvas.ts","statementMap":{"0":{"start":{"line":4,"column":28},"end":{"line":41,"column":1}},"1":{"start":{"line":15,"column":24},"end":{"line":17,"column":4}},"2":{"start":{"line":20,"column":38},"end":{"line":20,"column":40}},"3":{"start":{"line":21,"column":2},"end":{"line":23,"column":4}},"4":{"start":{"line":22,"column":4},"end":{"line":22,"column":32}},"5":{"start":{"line":26,"column":2},"end":{"line":26,"column":24}},"6":{"start":{"line":30,"column":2},"end":{"line":30,"column":58}},"7":{"start":{"line":33,"column":2},"end":{"line":33,"column":23}},"8":{"start":{"line":36,"column":15},"end":{"line":38,"column":4}},"9":{"start":{"line":40,"column":2},"end":{"line":40,"column":14}}},"fnMap":{"0":{"name":"(anonymous_0)","decl":{"start":{"line":4,"column":28},"end":{"line":4,"column":29}},"loc":{"start":{"line":12,"column":20},"end":{"line":41,"column":1}},"line":12},"1":{"name":"(anonymous_1)","decl":{"start":{"line":21,"column":34},"end":{"line":21,"column":35}},"loc":{"start":{"line":21,"column":47},"end":{"line":23,"column":3}},"line":21}},"branchMap":{},"s":{"0":1,"1":1,"2":1,"3":1,"4":0,"5":1,"6":1,"7":1,"8":1,"9":1},"f":{"0":1,"1":0},"b":{},"_coverageSchema":"1a1c01bbd47fc00a2c39e90264f33305004495a9","hash":"5af3ae8c38885ababec644baa8bab8b0ee75458c"}
,"/Users/chris/enterprise/codevideo-frontend/src/canvas/runTypoLogic.ts": {"path":"/Users/chris/enterprise/codevideo-frontend/src/canvas/runTypoLogic.ts","statementMap":{"0":{"start":{"line":6,"column":28},"end":{"line":51,"column":1}},"1":{"start":{"line":13,"column":2},"end":{"line":15,"column":3}},"2":{"start":{"line":14,"column":4},"end":{"line":14,"column":11}},"3":{"start":{"line":16,"column":24},"end":{"line":16,"column":25}},"4":{"start":{"line":17,"column":2},"end":{"line":19,"column":3}},"5":{"start":{"line":18,"column":4},"end":{"line":18,"column":28}},"6":{"start":{"line":20,"column":2},"end":{"line":22,"column":3}},"7":{"start":{"line":21,"column":4},"end":{"line":21,"column":26}},"8":{"start":{"line":25,"column":2},"end":{"line":27,"column":3}},"9":{"start":{"line":26,"column":4},"end":{"line":26,"column":11}},"10":{"start":{"line":32,"column":23},"end":{"line":32,"column":36}},"11":{"start":{"line":35,"column":21},"end":{"line":35,"column":54}},"12":{"start":{"line":37,"column":2},"end":{"line":41,"column":3}},"13":{"start":{"line":37,"column":15},"end":{"line":37,"column":16}},"14":{"start":{"line":38,"column":28},"end":{"line":38,"column":64}},"15":{"start":{"line":39,"column":4},"end":{"line":39,"column":62}},"16":{"start":{"line":40,"column":4},"end":{"line":40,"column":21}},"17":{"start":{"line":43,"column":2},"end":{"line":47,"column":3}},"18":{"start":{"line":43,"column":15},"end":{"line":43,"column":29}},"19":{"start":{"line":44,"column":4},"end":{"line":44,"column":30}},"20":{"start":{"line":45,"column":4},"end":{"line":45,"column":63}},"21":{"start":{"line":46,"column":4},"end":{"line":46,"column":21}},"22":{"start":{"line":50,"column":2},"end":{"line":50,"column":31}}},"fnMap":{"0":{"name":"(anonymous_0)","decl":{"start":{"line":6,"column":28},"end":{"line":6,"column":29}},"loc":{"start":{"line":12,"column":20},"end":{"line":51,"column":1}},"line":12}},"branchMap":{"0":{"loc":{"start":{"line":13,"column":2},"end":{"line":15,"column":3}},"type":"if","locations":[{"start":{"line":13,"column":2},"end":{"line":15,"column":3}},{"start":{},"end":{}}],"line":13},"1":{"loc":{"start":{"line":17,"column":2},"end":{"line":19,"column":3}},"type":"if","locations":[{"start":{"line":17,"column":2},"end":{"line":19,"column":3}},{"start":{},"end":{}}],"line":17},"2":{"loc":{"start":{"line":20,"column":2},"end":{"line":22,"column":3}},"type":"if","locations":[{"start":{"line":20,"column":2},"end":{"line":22,"column":3}},{"start":{},"end":{}}],"line":20},"3":{"loc":{"start":{"line":25,"column":2},"end":{"line":27,"column":3}},"type":"if","locations":[{"start":{"line":25,"column":2},"end":{"line":27,"column":3}},{"start":{},"end":{}}],"line":25}},"s":{"0":1,"1":0,"2":0,"3":0,"4":0,"5":0,"6":0,"7":0,"8":0,"9":0,"10":0,"11":0,"12":0,"13":0,"14":0,"15":0,"16":0,"17":0,"18":0,"19":0,"20":0,"21":0,"22":0},"f":{"0":0},"b":{"0":[0,0],"1":[0,0],"2":[0,0],"3":[0,0]},"_coverageSchema":"1a1c01bbd47fc00a2c39e90264f33305004495a9","hash":"fe32be891f68b12e59e9819ee8911612d9a351fe"}
,"/Users/chris/enterprise/codevideo-frontend/src/canvas/utils/drawCircle.ts": {"path":"/Users/chris/enterprise/codevideo-frontend/src/canvas/utils/drawCircle.ts","statementMap":{"0":{"start":{"line":1,"column":26},"end":{"line":13,"column":3}},"1":{"start":{"line":2,"column":4},"end":{"line":2,"column":19}},"2":{"start":{"line":3,"column":4},"end":{"line":3,"column":48}},"3":{"start":{"line":4,"column":4},"end":{"line":7,"column":5}},"4":{"start":{"line":5,"column":6},"end":{"line":5,"column":26}},"5":{"start":{"line":6,"column":6},"end":{"line":6,"column":16}},"6":{"start":{"line":8,"column":4},"end":{"line":12,"column":5}},"7":{"start":{"line":9,"column":6},"end":{"line":9,"column":33}},"8":{"start":{"line":10,"column":6},"end":{"line":10,"column":30}},"9":{"start":{"line":11,"column":6},"end":{"line":11,"column":18}}},"fnMap":{"0":{"name":"(anonymous_0)","decl":{"start":{"line":1,"column":26},"end":{"line":1,"column":27}},"loc":{"start":{"line":1,"column":151},"end":{"line":13,"column":3}},"line":1}},"branchMap":{"0":{"loc":{"start":{"line":4,"column":4},"end":{"line":7,"column":5}},"type":"if","locations":[{"start":{"line":4,"column":4},"end":{"line":7,"column":5}},{"start":{},"end":{}}],"line":4},"1":{"loc":{"start":{"line":8,"column":4},"end":{"line":12,"column":5}},"type":"if","locations":[{"start":{"line":8,"column":4},"end":{"line":12,"column":5}},{"start":{},"end":{}}],"line":8},"2":{"loc":{"start":{"line":8,"column":8},"end":{"line":8,"column":29}},"type":"binary-expr","locations":[{"start":{"line":8,"column":8},"end":{"line":8,"column":14}},{"start":{"line":8,"column":18},"end":{"line":8,"column":29}}],"line":8}},"s":{"0":1,"1":0,"2":0,"3":0,"4":0,"5":0,"6":0,"7":0,"8":0,"9":0},"f":{"0":0},"b":{"0":[0,0],"1":[0,0],"2":[0,0]},"_coverageSchema":"1a1c01bbd47fc00a2c39e90264f33305004495a9","hash":"97d4843583fe6816213b141859a94de30dc68c08"}
,"/Users/chris/enterprise/codevideo-frontend/src/constants/Constants.ts": {"path":"/Users/chris/enterprise/codevideo-frontend/src/constants/Constants.ts","statementMap":{"0":{"start":{"line":1,"column":25},"end":{"line":3,"column":1}}},"fnMap":{},"branchMap":{},"s":{"0":1},"f":{},"b":{},"_coverageSchema":"1a1c01bbd47fc00a2c39e90264f33305004495a9","hash":"73b8c3d8aa6e42503d05c8abd3a4e0cfba41416e"}
,"/Users/chris/enterprise/codevideo-frontend/src/enums/MimicTypos.ts": {"path":"/Users/chris/enterprise/codevideo-frontend/src/enums/MimicTypos.ts","statementMap":{},"fnMap":{},"branchMap":{},"s":{},"f":{},"b":{},"_coverageSchema":"1a1c01bbd47fc00a2c39e90264f33305004495a9","hash":"81582d7a3db82b7bea17f8629d3567d38b115120"}
,"/Users/chris/enterprise/codevideo-frontend/src/utils/getRandomInt.ts": {"path":"/Users/chris/enterprise/codevideo-frontend/src/utils/getRandomInt.ts","statementMap":{"0":{"start":{"line":1,"column":28},"end":{"line":3,"column":1}},"1":{"start":{"line":2,"column":2},"end":{"line":2,"column":59}}},"fnMap":{"0":{"name":"(anonymous_0)","decl":{"start":{"line":1,"column":28},"end":{"line":1,"column":29}},"loc":{"start":{"line":1,"column":58},"end":{"line":3,"column":1}},"line":1}},"branchMap":{},"s":{"0":1,"1":0},"f":{"0":0},"b":{},"_coverageSchema":"1a1c01bbd47fc00a2c39e90264f33305004495a9","hash":"faed8812f16412346151b141ca7adfdd3a1bfd80"}
,"/Users/chris/enterprise/codevideo-frontend/src/utils/sleep.ts": {"path":"/Users/chris/enterprise/codevideo-frontend/src/utils/sleep.ts","statementMap":{"0":{"start":{"line":1,"column":21},"end":{"line":3,"column":1}},"1":{"start":{"line":2,"column":4},"end":{"line":2,"column":69}},"2":{"start":{"line":2,"column":34},"end":{"line":2,"column":67}}},"fnMap":{"0":{"name":"(anonymous_0)","decl":{"start":{"line":1,"column":21},"end":{"line":1,"column":22}},"loc":{"start":{"line":1,"column":47},"end":{"line":3,"column":1}},"line":1},"1":{"name":"(anonymous_1)","decl":{"start":{"line":2,"column":23},"end":{"line":2,"column":24}},"loc":{"start":{"line":2,"column":34},"end":{"line":2,"column":67}},"line":2}},"branchMap":{},"s":{"0":1,"1":0,"2":0},"f":{"0":0,"1":0},"b":{},"_coverageSchema":"1a1c01bbd47fc00a2c39e90264f33305004495a9","hash":"60cf6d51c05f8a875e7aee3e57a27d2a6667f1f8"}
,"/Users/chris/enterprise/codevideo-frontend/src/utils/transcode.ts": {"path":"/Users/chris/enterprise/codevideo-frontend/src/utils/transcode.ts","statementMap":{"0":{"start":{"line":5,"column":25},"end":{"line":38,"column":1}},"1":{"start":{"line":14,"column":17},"end":{"line":17,"column":4}},"2":{"start":{"line":18,"column":2},"end":{"line":20,"column":3}},"3":{"start":{"line":19,"column":4},"end":{"line":19,"column":24}},"4":{"start":{"line":21,"column":15},"end":{"line":21,"column":91}},"5":{"start":{"line":22,"column":20},"end":{"line":22,"column":60}},"6":{"start":{"line":23,"column":15},"end":{"line":23,"column":28}},"7":{"start":{"line":24,"column":2},"end":{"line":24,"column":35}},"8":{"start":{"line":25,"column":2},"end":{"line":25,"column":42}},"9":{"start":{"line":26,"column":2},"end":{"line":34,"column":4}},"10":{"start":{"line":35,"column":2},"end":{"line":35,"column":38}},"11":{"start":{"line":36,"column":15},"end":{"line":36,"column":50}},"12":{"start":{"line":37,"column":2},"end":{"line":37,"column":77}}},"fnMap":{"0":{"name":"(anonymous_0)","decl":{"start":{"line":5,"column":25},"end":{"line":5,"column":26}},"loc":{"start":{"line":13,"column":5},"end":{"line":38,"column":1}},"line":13}},"branchMap":{"0":{"loc":{"start":{"line":18,"column":2},"end":{"line":20,"column":3}},"type":"if","locations":[{"start":{"line":18,"column":2},"end":{"line":20,"column":3}},{"start":{},"end":{}}],"line":18}},"s":{"0":1,"1":1,"2":1,"3":1,"4":1,"5":1,"6":0,"7":0,"8":0,"9":0,"10":0,"11":0,"12":0},"f":{"0":1},"b":{"0":[1,0]},"_coverageSchema":"1a1c01bbd47fc00a2c39e90264f33305004495a9","hash":"32350ea2d145a14f35c42b984aea637f94d266fc"}
}
